2017-02-14 15:00:00,986 [Worker-90] INFO  o.e.m.c.i.p.ProjectConfigurationManager - Collecting project info '/pom.xml' /home/bridgeit/Desktop/Uma_Spring/bridgeit/pom.xml
2017-02-14 15:00:01,961 [Worker-90] INFO  o.e.m.c.i.l.LifecycleMappingFactory - Using org.maven.ide.eclipse.wtp.WarLifecycleMapping lifecycle mapping for MavenProject: com.uma:bridgeit:0.0.1-SNAPSHOT @ /home/bridgeit/Desktop/Uma_Spring/bridgeit/pom.xml.
2017-02-14 15:00:03,928 [Worker-90] INFO  o.e.m.j.i.AbstractJavaProjectConfigurator - Adding source folder /bridgeit/src/main/java
2017-02-14 15:00:03,929 [Worker-90] INFO  o.e.m.j.i.AbstractJavaProjectConfigurator - Adding resource folder /bridgeit/src/main/resources
2017-02-14 15:00:03,929 [Worker-90] INFO  o.e.m.j.i.AbstractJavaProjectConfigurator - Adding source folder /bridgeit/src/test/java
2017-02-14 15:00:06,548 [Worker-90] INFO  o.e.m.c.i.p.ProjectConfigurationManager - Imported and configured 1 project(s) in 5 sec
2017-02-14 15:00:06,803 [Worker-89] WARN  o.e.m.c.i.embedder.EclipseLogger - Using platform encoding (UTF-8 actually) to copy filtered resources, i.e. build is platform dependent!
2017-02-14 15:00:06,808 [Worker-89] INFO  o.e.m.c.i.embedder.EclipseLogger - Copying 0 resource
2017-02-14 15:00:06,811 [Worker-89] WARN  o.e.m.c.i.embedder.EclipseLogger - Using platform encoding (UTF-8 actually) to copy filtered resources, i.e. build is platform dependent!
2017-02-14 15:00:06,811 [Worker-89] INFO  o.e.m.c.i.embedder.EclipseLogger - skip non existing resourceDirectory /home/bridgeit/Desktop/Uma_Spring/bridgeit/src/test/resources
2017-02-14 15:11:33,452 [Worker-95] INFO  o.e.m.c.i.l.LifecycleMappingFactory - Using org.maven.ide.eclipse.wtp.WarLifecycleMapping lifecycle mapping for MavenProject: com.uma:bridgeit:0.0.1-SNAPSHOT @ /home/bridgeit/Desktop/Uma_Spring/bridgeit/pom.xml.
2017-02-14 15:11:34,837 [Worker-95] INFO  o.e.m.c.i.e.AbstractTransferListenerAdapter - Downloading https://repo.maven.apache.org/maven2/org/springframework/spring-webmvc/4.2.2.RELEASE/spring-webmvc-4.2.2.RELEASE.pom
2017-02-14 15:11:35,173 [Worker-95] INFO  o.e.m.c.i.e.AbstractTransferListenerAdapter - Downloaded https://repo.maven.apache.org/maven2/org/springframework/spring-webmvc/4.2.2.RELEASE/spring-webmvc-4.2.2.RELEASE.pom
2017-02-14 15:11:35,303 [Worker-95] INFO  o.e.m.c.i.e.AbstractTransferListenerAdapter - Downloading https://repo.maven.apache.org/maven2/org/springframework/spring-beans/4.2.2.RELEASE/spring-beans-4.2.2.RELEASE.pom
2017-02-14 15:11:35,448 [Worker-95] INFO  o.e.m.c.i.e.AbstractTransferListenerAdapter - Downloaded https://repo.maven.apache.org/maven2/org/springframework/spring-beans/4.2.2.RELEASE/spring-beans-4.2.2.RELEASE.pom
2017-02-14 15:11:35,737 [Worker-95] INFO  o.e.m.c.i.e.AbstractTransferListenerAdapter - Downloading https://repo.maven.apache.org/maven2/org/springframework/spring-core/4.2.2.RELEASE/spring-core-4.2.2.RELEASE.pom
2017-02-14 15:11:35,864 [Worker-95] INFO  o.e.m.c.i.e.AbstractTransferListenerAdapter - Downloaded https://repo.maven.apache.org/maven2/org/springframework/spring-core/4.2.2.RELEASE/spring-core-4.2.2.RELEASE.pom
2017-02-14 15:11:36,040 [Worker-95] INFO  o.e.m.c.i.e.AbstractTransferListenerAdapter - Downloading https://repo.maven.apache.org/maven2/org/springframework/spring-context/4.2.2.RELEASE/spring-context-4.2.2.RELEASE.pom
2017-02-14 15:11:36,374 [Worker-95] INFO  o.e.m.c.i.e.AbstractTransferListenerAdapter - Downloaded https://repo.maven.apache.org/maven2/org/springframework/spring-context/4.2.2.RELEASE/spring-context-4.2.2.RELEASE.pom
2017-02-14 15:11:36,534 [Worker-95] INFO  o.e.m.c.i.e.AbstractTransferListenerAdapter - Downloading https://repo.maven.apache.org/maven2/org/springframework/spring-aop/4.2.2.RELEASE/spring-aop-4.2.2.RELEASE.pom
2017-02-14 15:11:36,691 [Worker-95] INFO  o.e.m.c.i.e.AbstractTransferListenerAdapter - Downloaded https://repo.maven.apache.org/maven2/org/springframework/spring-aop/4.2.2.RELEASE/spring-aop-4.2.2.RELEASE.pom
2017-02-14 15:11:36,854 [Worker-95] INFO  o.e.m.c.i.e.AbstractTransferListenerAdapter - Downloading https://repo.maven.apache.org/maven2/org/springframework/spring-expression/4.2.2.RELEASE/spring-expression-4.2.2.RELEASE.pom
2017-02-14 15:11:36,982 [Worker-95] INFO  o.e.m.c.i.e.AbstractTransferListenerAdapter - Downloaded https://repo.maven.apache.org/maven2/org/springframework/spring-expression/4.2.2.RELEASE/spring-expression-4.2.2.RELEASE.pom
2017-02-14 15:11:37,110 [Worker-95] INFO  o.e.m.c.i.e.AbstractTransferListenerAdapter - Downloading https://repo.maven.apache.org/maven2/org/springframework/spring-web/4.2.2.RELEASE/spring-web-4.2.2.RELEASE.pom
2017-02-14 15:11:37,349 [Worker-95] INFO  o.e.m.c.i.e.AbstractTransferListenerAdapter - Downloaded https://repo.maven.apache.org/maven2/org/springframework/spring-web/4.2.2.RELEASE/spring-web-4.2.2.RELEASE.pom
2017-02-14 15:11:37,677 [Worker-95] INFO  o.e.m.c.i.e.AbstractTransferListenerAdapter - Downloading https://repo.maven.apache.org/maven2/org/hibernate/hibernate-commons-annotations/3.2.0.Final/hibernate-commons-annotations-3.2.0.Final.pom
2017-02-14 15:11:37,804 [Worker-95] INFO  o.e.m.c.i.e.AbstractTransferListenerAdapter - Downloaded https://repo.maven.apache.org/maven2/org/hibernate/hibernate-commons-annotations/3.2.0.Final/hibernate-commons-annotations-3.2.0.Final.pom
2017-02-14 15:11:38,207 [Worker-95] INFO  o.e.m.c.i.e.AbstractTransferListenerAdapter - Downloading https://repo.maven.apache.org/maven2/org/hibernate/hibernate-annotations/3.5.1-Final/hibernate-annotations-3.5.1-Final.pom
2017-02-14 15:11:38,357 [Worker-95] INFO  o.e.m.c.i.e.AbstractTransferListenerAdapter - Downloaded https://repo.maven.apache.org/maven2/org/hibernate/hibernate-annotations/3.5.1-Final/hibernate-annotations-3.5.1-Final.pom
2017-02-14 15:11:38,488 [Worker-95] INFO  o.e.m.c.i.e.AbstractTransferListenerAdapter - Downloading https://repo.maven.apache.org/maven2/org/hibernate/hibernate-parent/3.5.1-Final/hibernate-parent-3.5.1-Final.pom
2017-02-14 15:11:39,466 [Worker-95] INFO  o.e.m.c.i.e.AbstractTransferListenerAdapter - Downloaded https://repo.maven.apache.org/maven2/org/hibernate/hibernate-parent/3.5.1-Final/hibernate-parent-3.5.1-Final.pom
2017-02-14 15:11:39,748 [Worker-95] INFO  o.e.m.c.i.e.AbstractTransferListenerAdapter - Downloading https://repo.maven.apache.org/maven2/org/hibernate/hibernate-core/3.5.1-Final/hibernate-core-3.5.1-Final.pom
2017-02-14 15:11:39,875 [Worker-95] INFO  o.e.m.c.i.e.AbstractTransferListenerAdapter - Downloaded https://repo.maven.apache.org/maven2/org/hibernate/hibernate-core/3.5.1-Final/hibernate-core-3.5.1-Final.pom
2017-02-14 15:11:40,034 [Worker-95] INFO  o.e.m.c.i.e.AbstractTransferListenerAdapter - Downloading https://repo.maven.apache.org/maven2/commons-collections/commons-collections/3.1/commons-collections-3.1.pom
2017-02-14 15:11:40,226 [Worker-95] INFO  o.e.m.c.i.e.AbstractTransferListenerAdapter - Downloaded https://repo.maven.apache.org/maven2/commons-collections/commons-collections/3.1/commons-collections-3.1.pom
2017-02-14 15:11:40,466 [Worker-95] INFO  o.e.m.c.i.e.AbstractTransferListenerAdapter - Downloading https://repo.maven.apache.org/maven2/org/hibernate/javax/persistence/hibernate-jpa-2.0-api/1.0.0.Final/hibernate-jpa-2.0-api-1.0.0.Final.pom
2017-02-14 15:11:40,659 [Worker-95] INFO  o.e.m.c.i.e.AbstractTransferListenerAdapter - Downloaded https://repo.maven.apache.org/maven2/org/hibernate/javax/persistence/hibernate-jpa-2.0-api/1.0.0.Final/hibernate-jpa-2.0-api-1.0.0.Final.pom
2017-02-14 15:11:40,788 [Worker-95] INFO  o.e.m.c.i.e.AbstractTransferListenerAdapter - Downloading https://repo.maven.apache.org/maven2/mysql/mysql-connector-java/5.1.5/mysql-connector-java-5.1.5.pom
2017-02-14 15:11:40,916 [Worker-95] INFO  o.e.m.c.i.e.AbstractTransferListenerAdapter - Downloaded https://repo.maven.apache.org/maven2/mysql/mysql-connector-java/5.1.5/mysql-connector-java-5.1.5.pom
2017-02-14 15:11:41,057 [Worker-95] INFO  o.e.m.c.i.e.AbstractTransferListenerAdapter - Downloading https://repo.maven.apache.org/maven2/org/springframework/spring-webmvc/4.2.2.RELEASE/spring-webmvc-4.2.2.RELEASE.jar
2017-02-14 15:12:03,032 [Worker-95] INFO  o.e.m.c.i.e.AbstractTransferListenerAdapter - Downloaded https://repo.maven.apache.org/maven2/org/springframework/spring-webmvc/4.2.2.RELEASE/spring-webmvc-4.2.2.RELEASE.jar
2017-02-14 15:12:03,161 [Worker-95] INFO  o.e.m.c.i.e.AbstractTransferListenerAdapter - Downloading https://repo.maven.apache.org/maven2/org/springframework/spring-beans/4.2.2.RELEASE/spring-beans-4.2.2.RELEASE.jar
2017-02-14 15:12:24,966 [Worker-95] INFO  o.e.m.c.i.e.AbstractTransferListenerAdapter - Downloaded https://repo.maven.apache.org/maven2/org/springframework/spring-beans/4.2.2.RELEASE/spring-beans-4.2.2.RELEASE.jar
2017-02-14 15:12:25,097 [Worker-95] INFO  o.e.m.c.i.e.AbstractTransferListenerAdapter - Downloading https://repo.maven.apache.org/maven2/org/springframework/spring-context/4.2.2.RELEASE/spring-context-4.2.2.RELEASE.jar
2017-02-14 15:13:03,801 [Worker-95] INFO  o.e.m.c.i.e.AbstractTransferListenerAdapter - Downloaded https://repo.maven.apache.org/maven2/org/springframework/spring-context/4.2.2.RELEASE/spring-context-4.2.2.RELEASE.jar
2017-02-14 15:13:03,981 [Worker-95] INFO  o.e.m.c.i.e.AbstractTransferListenerAdapter - Downloading https://repo.maven.apache.org/maven2/org/springframework/spring-aop/4.2.2.RELEASE/spring-aop-4.2.2.RELEASE.jar
2017-02-14 15:13:19,214 [Worker-95] INFO  o.e.m.c.i.e.AbstractTransferListenerAdapter - Downloaded https://repo.maven.apache.org/maven2/org/springframework/spring-aop/4.2.2.RELEASE/spring-aop-4.2.2.RELEASE.jar
2017-02-14 15:13:19,343 [Worker-95] INFO  o.e.m.c.i.e.AbstractTransferListenerAdapter - Downloading https://repo.maven.apache.org/maven2/org/springframework/spring-core/4.2.2.RELEASE/spring-core-4.2.2.RELEASE.jar
2017-02-14 15:13:42,444 [Worker-95] INFO  o.e.m.c.i.e.AbstractTransferListenerAdapter - Downloaded https://repo.maven.apache.org/maven2/org/springframework/spring-core/4.2.2.RELEASE/spring-core-4.2.2.RELEASE.jar
2017-02-14 15:13:42,579 [Worker-95] INFO  o.e.m.c.i.e.AbstractTransferListenerAdapter - Downloading https://repo.maven.apache.org/maven2/org/springframework/spring-expression/4.2.2.RELEASE/spring-expression-4.2.2.RELEASE.jar
2017-02-14 15:13:48,989 [Worker-95] INFO  o.e.m.c.i.e.AbstractTransferListenerAdapter - Downloaded https://repo.maven.apache.org/maven2/org/springframework/spring-expression/4.2.2.RELEASE/spring-expression-4.2.2.RELEASE.jar
2017-02-14 15:13:49,117 [Worker-95] INFO  o.e.m.c.i.e.AbstractTransferListenerAdapter - Downloading https://repo.maven.apache.org/maven2/org/springframework/spring-web/4.2.2.RELEASE/spring-web-4.2.2.RELEASE.jar
2017-02-14 15:14:10,473 [Worker-95] INFO  o.e.m.c.i.e.AbstractTransferListenerAdapter - Downloaded https://repo.maven.apache.org/maven2/org/springframework/spring-web/4.2.2.RELEASE/spring-web-4.2.2.RELEASE.jar
2017-02-14 15:14:10,601 [Worker-95] INFO  o.e.m.c.i.e.AbstractTransferListenerAdapter - Downloading https://repo.maven.apache.org/maven2/org/hibernate/hibernate-commons-annotations/3.2.0.Final/hibernate-commons-annotations-3.2.0.Final.jar
2017-02-14 15:14:13,276 [Worker-95] INFO  o.e.m.c.i.e.AbstractTransferListenerAdapter - Downloaded https://repo.maven.apache.org/maven2/org/hibernate/hibernate-commons-annotations/3.2.0.Final/hibernate-commons-annotations-3.2.0.Final.jar
2017-02-14 15:14:13,410 [Worker-95] INFO  o.e.m.c.i.e.AbstractTransferListenerAdapter - Downloading https://repo.maven.apache.org/maven2/org/hibernate/hibernate-annotations/3.5.1-Final/hibernate-annotations-3.5.1-Final.jar
2017-02-14 15:14:24,851 [Worker-95] INFO  o.e.m.c.i.e.AbstractTransferListenerAdapter - Downloaded https://repo.maven.apache.org/maven2/org/hibernate/hibernate-annotations/3.5.1-Final/hibernate-annotations-3.5.1-Final.jar
2017-02-14 15:14:24,982 [Worker-95] INFO  o.e.m.c.i.e.AbstractTransferListenerAdapter - Downloading https://repo.maven.apache.org/maven2/org/hibernate/hibernate-core/3.5.1-Final/hibernate-core-3.5.1-Final.jar
2017-02-14 15:15:26,914 [Worker-95] INFO  o.e.m.c.i.e.AbstractTransferListenerAdapter - Downloaded https://repo.maven.apache.org/maven2/org/hibernate/hibernate-core/3.5.1-Final/hibernate-core-3.5.1-Final.jar
2017-02-14 15:15:27,471 [Worker-95] INFO  o.e.m.c.i.e.AbstractTransferListenerAdapter - Downloading https://repo.maven.apache.org/maven2/commons-collections/commons-collections/3.1/commons-collections-3.1.jar
2017-02-14 15:15:41,047 [Worker-95] INFO  o.e.m.c.i.e.AbstractTransferListenerAdapter - Downloaded https://repo.maven.apache.org/maven2/commons-collections/commons-collections/3.1/commons-collections-3.1.jar
2017-02-14 15:15:41,174 [Worker-95] INFO  o.e.m.c.i.e.AbstractTransferListenerAdapter - Downloading https://repo.maven.apache.org/maven2/org/hibernate/javax/persistence/hibernate-jpa-2.0-api/1.0.0.Final/hibernate-jpa-2.0-api-1.0.0.Final.jar
2017-02-14 15:15:42,993 [Worker-95] INFO  o.e.m.c.i.e.AbstractTransferListenerAdapter - Downloaded https://repo.maven.apache.org/maven2/org/hibernate/javax/persistence/hibernate-jpa-2.0-api/1.0.0.Final/hibernate-jpa-2.0-api-1.0.0.Final.jar
2017-02-14 15:15:43,130 [Worker-95] INFO  o.e.m.c.i.e.AbstractTransferListenerAdapter - Downloading https://repo.maven.apache.org/maven2/mysql/mysql-connector-java/5.1.5/mysql-connector-java-5.1.5.jar
2017-02-14 15:16:00,917 [Worker-95] INFO  o.e.m.c.i.e.AbstractTransferListenerAdapter - Downloaded https://repo.maven.apache.org/maven2/mysql/mysql-connector-java/5.1.5/mysql-connector-java-5.1.5.jar
2017-02-14 15:16:04,778 [Worker-95] WARN  o.e.m.c.i.embedder.EclipseLogger - Using platform encoding (UTF-8 actually) to copy filtered resources, i.e. build is platform dependent!
2017-02-14 15:16:04,810 [Worker-95] INFO  o.e.m.c.i.embedder.EclipseLogger - Copying 0 resource
2017-02-14 15:16:04,812 [Worker-95] WARN  o.e.m.c.i.embedder.EclipseLogger - Using platform encoding (UTF-8 actually) to copy filtered resources, i.e. build is platform dependent!
2017-02-14 15:16:04,812 [Worker-95] INFO  o.e.m.c.i.embedder.EclipseLogger - skip non existing resourceDirectory /home/bridgeit/Desktop/Uma_Spring/bridgeit/src/test/resources
2017-02-14 15:16:04,812 [Worker-95] INFO  o.e.m.w.i.f.ResourceFilteringBuildParticipant - Changed resources require a complete clean of filtered resources of bridgeit
2017-02-14 15:16:04,813 [Worker-95] INFO  o.e.m.w.i.f.ResourceFilteringBuildParticipant - Executing resource filtering for bridgeit
2017-02-14 15:16:04,818 [Worker-95] WARN  o.e.m.c.i.embedder.EclipseLogger - Using platform encoding (UTF-8 actually) to copy filtered resources, i.e. build is platform dependent!
2017-02-14 15:16:05,959 [Worker-96] WARN  o.e.m.c.i.embedder.EclipseLogger - Using platform encoding (UTF-8 actually) to copy filtered resources, i.e. build is platform dependent!
2017-02-14 15:16:05,960 [Worker-96] INFO  o.e.m.c.i.embedder.EclipseLogger - Copying 0 resource
2017-02-14 15:16:05,961 [Worker-96] WARN  o.e.m.c.i.embedder.EclipseLogger - Using platform encoding (UTF-8 actually) to copy filtered resources, i.e. build is platform dependent!
2017-02-14 15:16:05,962 [Worker-96] INFO  o.e.m.c.i.embedder.EclipseLogger - skip non existing resourceDirectory /home/bridgeit/Desktop/Uma_Spring/bridgeit/src/test/resources
2017-02-14 15:43:57,439 [Worker-95] INFO  o.e.m.c.i.l.LifecycleMappingFactory - Using org.maven.ide.eclipse.wtp.WarLifecycleMapping lifecycle mapping for MavenProject: com.uma:bridgeit:0.0.1-SNAPSHOT @ /home/bridgeit/Desktop/Uma_Spring/bridgeit/pom.xml.
2017-02-14 15:43:58,519 [Worker-95] INFO  o.e.m.c.i.e.AbstractTransferListenerAdapter - Downloading https://repo.maven.apache.org/maven2/org/springframework/spring-webmvc/3.2.4.RELEASE/spring-webmvc-3.2.4.RELEASE.pom
2017-02-14 15:43:58,778 [Worker-95] INFO  o.e.m.c.i.e.AbstractTransferListenerAdapter - Downloaded https://repo.maven.apache.org/maven2/org/springframework/spring-webmvc/3.2.4.RELEASE/spring-webmvc-3.2.4.RELEASE.pom
2017-02-14 15:43:58,973 [Worker-95] INFO  o.e.m.c.i.e.AbstractTransferListenerAdapter - Downloading https://repo.maven.apache.org/maven2/org/springframework/spring-beans/3.2.4.RELEASE/spring-beans-3.2.4.RELEASE.pom
2017-02-14 15:43:59,121 [Worker-95] INFO  o.e.m.c.i.e.AbstractTransferListenerAdapter - Downloaded https://repo.maven.apache.org/maven2/org/springframework/spring-beans/3.2.4.RELEASE/spring-beans-3.2.4.RELEASE.pom
2017-02-14 15:43:59,273 [Worker-95] INFO  o.e.m.c.i.e.AbstractTransferListenerAdapter - Downloading https://repo.maven.apache.org/maven2/org/springframework/spring-core/3.2.4.RELEASE/spring-core-3.2.4.RELEASE.pom
2017-02-14 15:43:59,430 [Worker-95] INFO  o.e.m.c.i.e.AbstractTransferListenerAdapter - Downloaded https://repo.maven.apache.org/maven2/org/springframework/spring-core/3.2.4.RELEASE/spring-core-3.2.4.RELEASE.pom
2017-02-14 15:43:59,640 [Worker-95] INFO  o.e.m.c.i.e.AbstractTransferListenerAdapter - Downloading https://repo.maven.apache.org/maven2/org/springframework/spring-context/3.2.4.RELEASE/spring-context-3.2.4.RELEASE.pom
2017-02-14 15:43:59,845 [Worker-95] INFO  o.e.m.c.i.e.AbstractTransferListenerAdapter - Downloaded https://repo.maven.apache.org/maven2/org/springframework/spring-context/3.2.4.RELEASE/spring-context-3.2.4.RELEASE.pom
2017-02-14 15:43:59,998 [Worker-95] INFO  o.e.m.c.i.e.AbstractTransferListenerAdapter - Downloading https://repo.maven.apache.org/maven2/org/springframework/spring-aop/3.2.4.RELEASE/spring-aop-3.2.4.RELEASE.pom
2017-02-14 15:44:00,162 [Worker-95] INFO  o.e.m.c.i.e.AbstractTransferListenerAdapter - Downloaded https://repo.maven.apache.org/maven2/org/springframework/spring-aop/3.2.4.RELEASE/spring-aop-3.2.4.RELEASE.pom
2017-02-14 15:44:00,315 [Worker-95] INFO  o.e.m.c.i.e.AbstractTransferListenerAdapter - Downloading https://repo.maven.apache.org/maven2/org/springframework/spring-expression/3.2.4.RELEASE/spring-expression-3.2.4.RELEASE.pom
2017-02-14 15:44:00,463 [Worker-95] INFO  o.e.m.c.i.e.AbstractTransferListenerAdapter - Downloaded https://repo.maven.apache.org/maven2/org/springframework/spring-expression/3.2.4.RELEASE/spring-expression-3.2.4.RELEASE.pom
2017-02-14 15:44:00,618 [Worker-95] INFO  o.e.m.c.i.e.AbstractTransferListenerAdapter - Downloading https://repo.maven.apache.org/maven2/org/springframework/spring-web/3.2.4.RELEASE/spring-web-3.2.4.RELEASE.pom
2017-02-14 15:44:00,848 [Worker-95] INFO  o.e.m.c.i.e.AbstractTransferListenerAdapter - Downloaded https://repo.maven.apache.org/maven2/org/springframework/spring-web/3.2.4.RELEASE/spring-web-3.2.4.RELEASE.pom
2017-02-14 15:44:01,066 [Worker-95] INFO  o.e.m.c.i.e.AbstractTransferListenerAdapter - Downloading https://repo.maven.apache.org/maven2/mysql/mysql-connector-java/5.1.21/mysql-connector-java-5.1.21.pom
2017-02-14 15:44:01,210 [Worker-95] INFO  o.e.m.c.i.e.AbstractTransferListenerAdapter - Downloaded https://repo.maven.apache.org/maven2/mysql/mysql-connector-java/5.1.21/mysql-connector-java-5.1.21.pom
2017-02-14 15:44:01,363 [Worker-95] INFO  o.e.m.c.i.e.AbstractTransferListenerAdapter - Downloading https://repo.maven.apache.org/maven2/org/hibernate/hibernate-validator/4.2.0.Final/hibernate-validator-4.2.0.Final.pom
2017-02-14 15:44:01,710 [Worker-95] INFO  o.e.m.c.i.e.AbstractTransferListenerAdapter - Downloaded https://repo.maven.apache.org/maven2/org/hibernate/hibernate-validator/4.2.0.Final/hibernate-validator-4.2.0.Final.pom
2017-02-14 15:44:01,864 [Worker-95] INFO  o.e.m.c.i.e.AbstractTransferListenerAdapter - Downloading https://repo.maven.apache.org/maven2/org/hibernate/hibernate-validator-parent/4.2.0.Final/hibernate-validator-parent-4.2.0.Final.pom
2017-02-14 15:44:02,304 [Worker-95] INFO  o.e.m.c.i.e.AbstractTransferListenerAdapter - Downloaded https://repo.maven.apache.org/maven2/org/hibernate/hibernate-validator-parent/4.2.0.Final/hibernate-validator-parent-4.2.0.Final.pom
2017-02-14 15:44:02,546 [Worker-95] INFO  o.e.m.c.i.e.AbstractTransferListenerAdapter - Downloading https://repo.maven.apache.org/maven2/org/hibernate/hibernate-entitymanager/4.1.9.Final/hibernate-entitymanager-4.1.9.Final.pom
2017-02-14 15:44:02,867 [Worker-95] INFO  o.e.m.c.i.e.AbstractTransferListenerAdapter - Downloaded https://repo.maven.apache.org/maven2/org/hibernate/hibernate-entitymanager/4.1.9.Final/hibernate-entitymanager-4.1.9.Final.pom
2017-02-14 15:44:03,075 [Worker-95] INFO  o.e.m.c.i.e.AbstractTransferListenerAdapter - Downloading https://repo.maven.apache.org/maven2/org/javassist/javassist/3.17.1-GA/javassist-3.17.1-GA.pom
2017-02-14 15:44:03,348 [Worker-95] INFO  o.e.m.c.i.e.AbstractTransferListenerAdapter - Downloaded https://repo.maven.apache.org/maven2/org/javassist/javassist/3.17.1-GA/javassist-3.17.1-GA.pom
2017-02-14 15:44:03,837 [Worker-95] INFO  o.e.m.c.i.e.AbstractTransferListenerAdapter - Downloading https://repo.maven.apache.org/maven2/org/hibernate/hibernate-core/4.1.9.Final/hibernate-core-4.1.9.Final.pom
2017-02-14 15:44:04,115 [Worker-95] INFO  o.e.m.c.i.e.AbstractTransferListenerAdapter - Downloaded https://repo.maven.apache.org/maven2/org/hibernate/hibernate-core/4.1.9.Final/hibernate-core-4.1.9.Final.pom
2017-02-14 15:44:04,581 [Worker-95] INFO  o.e.m.c.i.e.AbstractTransferListenerAdapter - Downloading https://repo.maven.apache.org/maven2/org/springframework/spring-jdbc/3.2.0.RELEASE/spring-jdbc-3.2.0.RELEASE.pom
2017-02-14 15:44:04,738 [Worker-95] INFO  o.e.m.c.i.e.AbstractTransferListenerAdapter - Downloaded https://repo.maven.apache.org/maven2/org/springframework/spring-jdbc/3.2.0.RELEASE/spring-jdbc-3.2.0.RELEASE.pom
2017-02-14 15:44:04,890 [Worker-95] INFO  o.e.m.c.i.e.AbstractTransferListenerAdapter - Downloading https://repo.maven.apache.org/maven2/org/springframework/spring-core/3.2.0.RELEASE/spring-core-3.2.0.RELEASE.pom
2017-02-14 15:44:05,073 [Worker-95] INFO  o.e.m.c.i.e.AbstractTransferListenerAdapter - Downloaded https://repo.maven.apache.org/maven2/org/springframework/spring-core/3.2.0.RELEASE/spring-core-3.2.0.RELEASE.pom
2017-02-14 15:44:05,225 [Worker-95] INFO  o.e.m.c.i.e.AbstractTransferListenerAdapter - Downloading https://repo.maven.apache.org/maven2/org/springframework/spring-tx/3.2.0.RELEASE/spring-tx-3.2.0.RELEASE.pom
2017-02-14 15:44:05,389 [Worker-95] INFO  o.e.m.c.i.e.AbstractTransferListenerAdapter - Downloaded https://repo.maven.apache.org/maven2/org/springframework/spring-tx/3.2.0.RELEASE/spring-tx-3.2.0.RELEASE.pom
2017-02-14 15:44:05,542 [Worker-95] INFO  o.e.m.c.i.e.AbstractTransferListenerAdapter - Downloading https://repo.maven.apache.org/maven2/org/springframework/spring-beans/3.2.0.RELEASE/spring-beans-3.2.0.RELEASE.pom
2017-02-14 15:44:05,697 [Worker-95] INFO  o.e.m.c.i.e.AbstractTransferListenerAdapter - Downloaded https://repo.maven.apache.org/maven2/org/springframework/spring-beans/3.2.0.RELEASE/spring-beans-3.2.0.RELEASE.pom
2017-02-14 15:44:05,850 [Worker-95] INFO  o.e.m.c.i.e.AbstractTransferListenerAdapter - Downloading https://repo.maven.apache.org/maven2/org/springframework/spring-orm/3.2.0.RELEASE/spring-orm-3.2.0.RELEASE.pom
2017-02-14 15:44:06,062 [Worker-95] INFO  o.e.m.c.i.e.AbstractTransferListenerAdapter - Downloaded https://repo.maven.apache.org/maven2/org/springframework/spring-orm/3.2.0.RELEASE/spring-orm-3.2.0.RELEASE.pom
2017-02-14 15:44:06,215 [Worker-95] INFO  o.e.m.c.i.e.AbstractTransferListenerAdapter - Downloading https://repo.maven.apache.org/maven2/org/springframework/data/spring-data-jpa/1.3.0.RELEASE/spring-data-jpa-1.3.0.RELEASE.pom
2017-02-14 15:44:06,519 [Worker-95] INFO  o.e.m.c.i.e.AbstractTransferListenerAdapter - Downloaded https://repo.maven.apache.org/maven2/org/springframework/data/spring-data-jpa/1.3.0.RELEASE/spring-data-jpa-1.3.0.RELEASE.pom
2017-02-14 15:44:06,670 [Worker-95] INFO  o.e.m.c.i.e.AbstractTransferListenerAdapter - Downloading https://repo.maven.apache.org/maven2/org/springframework/data/build/spring-data-parent/1.0.0.RELEASE/spring-data-parent-1.0.0.RELEASE.pom
2017-02-14 15:44:07,123 [Worker-95] INFO  o.e.m.c.i.e.AbstractTransferListenerAdapter - Downloaded https://repo.maven.apache.org/maven2/org/springframework/data/build/spring-data-parent/1.0.0.RELEASE/spring-data-parent-1.0.0.RELEASE.pom
2017-02-14 15:44:07,273 [Worker-95] INFO  o.e.m.c.i.e.AbstractTransferListenerAdapter - Downloading https://repo.maven.apache.org/maven2/org/springframework/data/build/spring-data-build/1.0.0.RELEASE/spring-data-build-1.0.0.RELEASE.pom
2017-02-14 15:44:07,446 [Worker-95] INFO  o.e.m.c.i.e.AbstractTransferListenerAdapter - Downloaded https://repo.maven.apache.org/maven2/org/springframework/data/build/spring-data-build/1.0.0.RELEASE/spring-data-build-1.0.0.RELEASE.pom
2017-02-14 15:44:07,633 [Worker-95] INFO  o.e.m.c.i.e.AbstractTransferListenerAdapter - Downloading https://repo.maven.apache.org/maven2/org/springframework/data/spring-data-commons/1.5.0.RELEASE/spring-data-commons-1.5.0.RELEASE.pom
2017-02-14 15:44:07,837 [Worker-95] INFO  o.e.m.c.i.e.AbstractTransferListenerAdapter - Downloaded https://repo.maven.apache.org/maven2/org/springframework/data/spring-data-commons/1.5.0.RELEASE/spring-data-commons-1.5.0.RELEASE.pom
2017-02-14 15:44:07,989 [Worker-95] INFO  o.e.m.c.i.e.AbstractTransferListenerAdapter - Downloading https://repo.maven.apache.org/maven2/org/springframework/spring-core/3.1.4.RELEASE/spring-core-3.1.4.RELEASE.pom
2017-02-14 15:44:08,202 [Worker-95] INFO  o.e.m.c.i.e.AbstractTransferListenerAdapter - Downloaded https://repo.maven.apache.org/maven2/org/springframework/spring-core/3.1.4.RELEASE/spring-core-3.1.4.RELEASE.pom
2017-02-14 15:44:08,352 [Worker-95] INFO  o.e.m.c.i.e.AbstractTransferListenerAdapter - Downloading https://repo.maven.apache.org/maven2/org/springframework/spring-parent/3.1.4.RELEASE/spring-parent-3.1.4.RELEASE.pom
2017-02-14 15:44:08,605 [Worker-95] INFO  o.e.m.c.i.e.AbstractTransferListenerAdapter - Downloaded https://repo.maven.apache.org/maven2/org/springframework/spring-parent/3.1.4.RELEASE/spring-parent-3.1.4.RELEASE.pom
2017-02-14 15:44:08,757 [Worker-95] INFO  o.e.m.c.i.e.AbstractTransferListenerAdapter - Downloading https://repo.maven.apache.org/maven2/org/springframework/spring-asm/3.1.4.RELEASE/spring-asm-3.1.4.RELEASE.pom
2017-02-14 15:44:08,917 [Worker-95] INFO  o.e.m.c.i.e.AbstractTransferListenerAdapter - Downloaded https://repo.maven.apache.org/maven2/org/springframework/spring-asm/3.1.4.RELEASE/spring-asm-3.1.4.RELEASE.pom
2017-02-14 15:44:09,068 [Worker-95] INFO  o.e.m.c.i.e.AbstractTransferListenerAdapter - Downloading https://repo.maven.apache.org/maven2/org/springframework/spring-beans/3.1.4.RELEASE/spring-beans-3.1.4.RELEASE.pom
2017-02-14 15:44:09,231 [Worker-95] INFO  o.e.m.c.i.e.AbstractTransferListenerAdapter - Downloaded https://repo.maven.apache.org/maven2/org/springframework/spring-beans/3.1.4.RELEASE/spring-beans-3.1.4.RELEASE.pom
2017-02-14 15:44:09,381 [Worker-95] INFO  o.e.m.c.i.e.AbstractTransferListenerAdapter - Downloading https://repo.maven.apache.org/maven2/org/slf4j/slf4j-api/1.7.1/slf4j-api-1.7.1.pom
2017-02-14 15:44:09,543 [Worker-95] INFO  o.e.m.c.i.e.AbstractTransferListenerAdapter - Downloaded https://repo.maven.apache.org/maven2/org/slf4j/slf4j-api/1.7.1/slf4j-api-1.7.1.pom
2017-02-14 15:44:09,693 [Worker-95] INFO  o.e.m.c.i.e.AbstractTransferListenerAdapter - Downloading https://repo.maven.apache.org/maven2/org/slf4j/slf4j-parent/1.7.1/slf4j-parent-1.7.1.pom
2017-02-14 15:44:10,078 [Worker-95] INFO  o.e.m.c.i.e.AbstractTransferListenerAdapter - Downloaded https://repo.maven.apache.org/maven2/org/slf4j/slf4j-parent/1.7.1/slf4j-parent-1.7.1.pom
2017-02-14 15:44:10,310 [Worker-95] INFO  o.e.m.c.i.e.AbstractTransferListenerAdapter - Downloading https://repo.maven.apache.org/maven2/org/slf4j/jcl-over-slf4j/1.7.1/jcl-over-slf4j-1.7.1.pom
2017-02-14 15:44:10,487 [Worker-95] INFO  o.e.m.c.i.e.AbstractTransferListenerAdapter - Downloaded https://repo.maven.apache.org/maven2/org/slf4j/jcl-over-slf4j/1.7.1/jcl-over-slf4j-1.7.1.pom
2017-02-14 15:44:10,655 [Worker-95] INFO  o.e.m.c.i.e.AbstractTransferListenerAdapter - Downloading https://repo.maven.apache.org/maven2/org/springframework/spring-orm/3.1.4.RELEASE/spring-orm-3.1.4.RELEASE.pom
2017-02-14 15:44:10,897 [Worker-95] INFO  o.e.m.c.i.e.AbstractTransferListenerAdapter - Downloaded https://repo.maven.apache.org/maven2/org/springframework/spring-orm/3.1.4.RELEASE/spring-orm-3.1.4.RELEASE.pom
2017-02-14 15:44:11,050 [Worker-95] INFO  o.e.m.c.i.e.AbstractTransferListenerAdapter - Downloading https://repo.maven.apache.org/maven2/org/springframework/spring-jdbc/3.1.4.RELEASE/spring-jdbc-3.1.4.RELEASE.pom
2017-02-14 15:44:11,231 [Worker-95] INFO  o.e.m.c.i.e.AbstractTransferListenerAdapter - Downloaded https://repo.maven.apache.org/maven2/org/springframework/spring-jdbc/3.1.4.RELEASE/spring-jdbc-3.1.4.RELEASE.pom
2017-02-14 15:44:11,381 [Worker-95] INFO  o.e.m.c.i.e.AbstractTransferListenerAdapter - Downloading https://repo.maven.apache.org/maven2/org/springframework/spring-tx/3.1.4.RELEASE/spring-tx-3.1.4.RELEASE.pom
2017-02-14 15:44:11,566 [Worker-95] INFO  o.e.m.c.i.e.AbstractTransferListenerAdapter - Downloaded https://repo.maven.apache.org/maven2/org/springframework/spring-tx/3.1.4.RELEASE/spring-tx-3.1.4.RELEASE.pom
2017-02-14 15:44:11,718 [Worker-95] INFO  o.e.m.c.i.e.AbstractTransferListenerAdapter - Downloading https://repo.maven.apache.org/maven2/org/springframework/spring-context/3.1.4.RELEASE/spring-context-3.1.4.RELEASE.pom
2017-02-14 15:44:11,983 [Worker-95] INFO  o.e.m.c.i.e.AbstractTransferListenerAdapter - Downloaded https://repo.maven.apache.org/maven2/org/springframework/spring-context/3.1.4.RELEASE/spring-context-3.1.4.RELEASE.pom
2017-02-14 15:44:12,137 [Worker-95] INFO  o.e.m.c.i.e.AbstractTransferListenerAdapter - Downloading https://repo.maven.apache.org/maven2/org/springframework/spring-expression/3.1.4.RELEASE/spring-expression-3.1.4.RELEASE.pom
2017-02-14 15:44:12,284 [Worker-95] INFO  o.e.m.c.i.e.AbstractTransferListenerAdapter - Downloaded https://repo.maven.apache.org/maven2/org/springframework/spring-expression/3.1.4.RELEASE/spring-expression-3.1.4.RELEASE.pom
2017-02-14 15:44:12,437 [Worker-95] INFO  o.e.m.c.i.e.AbstractTransferListenerAdapter - Downloading https://repo.maven.apache.org/maven2/org/aspectj/aspectjrt/1.7.1/aspectjrt-1.7.1.pom
2017-02-14 15:44:12,587 [Worker-95] INFO  o.e.m.c.i.e.AbstractTransferListenerAdapter - Downloaded https://repo.maven.apache.org/maven2/org/aspectj/aspectjrt/1.7.1/aspectjrt-1.7.1.pom
2017-02-14 15:44:12,785 [Worker-95] INFO  o.e.m.c.i.e.AbstractTransferListenerAdapter - Downloading https://repo.maven.apache.org/maven2/org/springframework/spring-webmvc/3.2.4.RELEASE/spring-webmvc-3.2.4.RELEASE.jar
2017-02-14 15:44:24,868 [Worker-95] INFO  o.e.m.c.i.e.AbstractTransferListenerAdapter - Downloaded https://repo.maven.apache.org/maven2/org/springframework/spring-webmvc/3.2.4.RELEASE/spring-webmvc-3.2.4.RELEASE.jar
2017-02-14 15:44:25,010 [Worker-95] INFO  o.e.m.c.i.e.AbstractTransferListenerAdapter - Downloading https://repo.maven.apache.org/maven2/org/springframework/spring-beans/3.2.4.RELEASE/spring-beans-3.2.4.RELEASE.jar
2017-02-14 15:44:35,678 [Worker-95] INFO  o.e.m.c.i.e.AbstractTransferListenerAdapter - Downloaded https://repo.maven.apache.org/maven2/org/springframework/spring-beans/3.2.4.RELEASE/spring-beans-3.2.4.RELEASE.jar
2017-02-14 15:44:35,841 [Worker-95] INFO  o.e.m.c.i.e.AbstractTransferListenerAdapter - Downloading https://repo.maven.apache.org/maven2/org/springframework/spring-context/3.2.4.RELEASE/spring-context-3.2.4.RELEASE.jar
2017-02-14 15:44:50,934 [Worker-95] INFO  o.e.m.c.i.e.AbstractTransferListenerAdapter - Downloaded https://repo.maven.apache.org/maven2/org/springframework/spring-context/3.2.4.RELEASE/spring-context-3.2.4.RELEASE.jar
2017-02-14 15:44:51,086 [Worker-95] INFO  o.e.m.c.i.e.AbstractTransferListenerAdapter - Downloading https://repo.maven.apache.org/maven2/org/springframework/spring-aop/3.2.4.RELEASE/spring-aop-3.2.4.RELEASE.jar
2017-02-14 15:44:57,476 [Worker-95] INFO  o.e.m.c.i.e.AbstractTransferListenerAdapter - Downloaded https://repo.maven.apache.org/maven2/org/springframework/spring-aop/3.2.4.RELEASE/spring-aop-3.2.4.RELEASE.jar
2017-02-14 15:44:57,625 [Worker-95] INFO  o.e.m.c.i.e.AbstractTransferListenerAdapter - Downloading https://repo.maven.apache.org/maven2/org/springframework/spring-core/3.2.4.RELEASE/spring-core-3.2.4.RELEASE.jar
2017-02-14 15:45:12,899 [Worker-95] INFO  o.e.m.c.i.e.AbstractTransferListenerAdapter - Downloaded https://repo.maven.apache.org/maven2/org/springframework/spring-core/3.2.4.RELEASE/spring-core-3.2.4.RELEASE.jar
2017-02-14 15:45:13,054 [Worker-95] INFO  o.e.m.c.i.e.AbstractTransferListenerAdapter - Downloading https://repo.maven.apache.org/maven2/org/springframework/spring-expression/3.2.4.RELEASE/spring-expression-3.2.4.RELEASE.jar
2017-02-14 15:45:16,455 [Worker-95] INFO  o.e.m.c.i.e.AbstractTransferListenerAdapter - Downloaded https://repo.maven.apache.org/maven2/org/springframework/spring-expression/3.2.4.RELEASE/spring-expression-3.2.4.RELEASE.jar
2017-02-14 15:45:16,610 [Worker-95] INFO  o.e.m.c.i.e.AbstractTransferListenerAdapter - Downloading https://repo.maven.apache.org/maven2/org/springframework/spring-web/3.2.4.RELEASE/spring-web-3.2.4.RELEASE.jar
2017-02-14 15:45:27,483 [Worker-95] INFO  o.e.m.c.i.e.AbstractTransferListenerAdapter - Downloaded https://repo.maven.apache.org/maven2/org/springframework/spring-web/3.2.4.RELEASE/spring-web-3.2.4.RELEASE.jar
2017-02-14 15:45:27,633 [Worker-95] INFO  o.e.m.c.i.e.AbstractTransferListenerAdapter - Downloading https://repo.maven.apache.org/maven2/mysql/mysql-connector-java/5.1.21/mysql-connector-java-5.1.21.jar
2017-02-14 15:45:41,656 [Worker-95] INFO  o.e.m.c.i.e.AbstractTransferListenerAdapter - Downloaded https://repo.maven.apache.org/maven2/mysql/mysql-connector-java/5.1.21/mysql-connector-java-5.1.21.jar
2017-02-14 15:45:41,806 [Worker-95] INFO  o.e.m.c.i.e.AbstractTransferListenerAdapter - Downloading https://repo.maven.apache.org/maven2/org/hibernate/hibernate-validator/4.2.0.Final/hibernate-validator-4.2.0.Final.jar
2017-02-14 15:45:48,080 [Worker-95] INFO  o.e.m.c.i.e.AbstractTransferListenerAdapter - Downloaded https://repo.maven.apache.org/maven2/org/hibernate/hibernate-validator/4.2.0.Final/hibernate-validator-4.2.0.Final.jar
2017-02-14 15:45:48,231 [Worker-95] INFO  o.e.m.c.i.e.AbstractTransferListenerAdapter - Downloading https://repo.maven.apache.org/maven2/org/slf4j/slf4j-api/1.6.1/slf4j-api-1.6.1.jar
2017-02-14 15:45:48,780 [Worker-95] INFO  o.e.m.c.i.e.AbstractTransferListenerAdapter - Downloaded https://repo.maven.apache.org/maven2/org/slf4j/slf4j-api/1.6.1/slf4j-api-1.6.1.jar
2017-02-14 15:45:48,927 [Worker-95] INFO  o.e.m.c.i.e.AbstractTransferListenerAdapter - Downloading https://repo.maven.apache.org/maven2/org/hibernate/hibernate-entitymanager/4.1.9.Final/hibernate-entitymanager-4.1.9.Final.jar
2017-02-14 15:45:57,155 [Worker-95] INFO  o.e.m.c.i.e.AbstractTransferListenerAdapter - Downloaded https://repo.maven.apache.org/maven2/org/hibernate/hibernate-entitymanager/4.1.9.Final/hibernate-entitymanager-4.1.9.Final.jar
2017-02-14 15:45:57,321 [Worker-95] INFO  o.e.m.c.i.e.AbstractTransferListenerAdapter - Downloading https://repo.maven.apache.org/maven2/org/javassist/javassist/3.17.1-GA/javassist-3.17.1-GA.jar
2017-02-14 15:46:09,887 [Worker-95] INFO  o.e.m.c.i.e.AbstractTransferListenerAdapter - Downloaded https://repo.maven.apache.org/maven2/org/javassist/javassist/3.17.1-GA/javassist-3.17.1-GA.jar
2017-02-14 15:46:10,092 [Worker-95] INFO  o.e.m.c.i.e.AbstractTransferListenerAdapter - Downloading https://repo.maven.apache.org/maven2/org/hibernate/hibernate-core/4.1.9.Final/hibernate-core-4.1.9.Final.jar
2017-02-14 15:47:26,672 [Worker-95] INFO  o.e.m.c.i.e.AbstractTransferListenerAdapter - Downloaded https://repo.maven.apache.org/maven2/org/hibernate/hibernate-core/4.1.9.Final/hibernate-core-4.1.9.Final.jar
2017-02-14 15:47:26,836 [Worker-95] INFO  o.e.m.c.i.e.AbstractTransferListenerAdapter - Downloading https://repo.maven.apache.org/maven2/org/springframework/spring-jdbc/3.2.0.RELEASE/spring-jdbc-3.2.0.RELEASE.jar
2017-02-14 15:47:34,218 [Worker-95] INFO  o.e.m.c.i.e.AbstractTransferListenerAdapter - Downloaded https://repo.maven.apache.org/maven2/org/springframework/spring-jdbc/3.2.0.RELEASE/spring-jdbc-3.2.0.RELEASE.jar
2017-02-14 15:47:34,403 [Worker-95] INFO  o.e.m.c.i.e.AbstractTransferListenerAdapter - Downloading https://repo.maven.apache.org/maven2/org/springframework/spring-tx/3.2.0.RELEASE/spring-tx-3.2.0.RELEASE.jar
2017-02-14 15:47:38,735 [Worker-95] INFO  o.e.m.c.i.e.AbstractTransferListenerAdapter - Downloaded https://repo.maven.apache.org/maven2/org/springframework/spring-tx/3.2.0.RELEASE/spring-tx-3.2.0.RELEASE.jar
2017-02-14 15:47:38,889 [Worker-95] INFO  o.e.m.c.i.e.AbstractTransferListenerAdapter - Downloading https://repo.maven.apache.org/maven2/org/springframework/spring-orm/3.2.0.RELEASE/spring-orm-3.2.0.RELEASE.jar
2017-02-14 15:47:45,691 [Worker-95] INFO  o.e.m.c.i.e.AbstractTransferListenerAdapter - Downloaded https://repo.maven.apache.org/maven2/org/springframework/spring-orm/3.2.0.RELEASE/spring-orm-3.2.0.RELEASE.jar
2017-02-14 15:47:45,893 [Worker-95] INFO  o.e.m.c.i.e.AbstractTransferListenerAdapter - Downloading https://repo.maven.apache.org/maven2/org/springframework/data/spring-data-jpa/1.3.0.RELEASE/spring-data-jpa-1.3.0.RELEASE.jar
2017-02-14 15:47:49,934 [Worker-95] INFO  o.e.m.c.i.e.AbstractTransferListenerAdapter - Downloaded https://repo.maven.apache.org/maven2/org/springframework/data/spring-data-jpa/1.3.0.RELEASE/spring-data-jpa-1.3.0.RELEASE.jar
2017-02-14 15:47:50,460 [Worker-95] INFO  o.e.m.c.i.e.AbstractTransferListenerAdapter - Downloading https://repo.maven.apache.org/maven2/org/springframework/data/spring-data-commons/1.5.0.RELEASE/spring-data-commons-1.5.0.RELEASE.jar
2017-02-14 15:47:55,676 [Worker-95] INFO  o.e.m.c.i.e.AbstractTransferListenerAdapter - Downloaded https://repo.maven.apache.org/maven2/org/springframework/data/spring-data-commons/1.5.0.RELEASE/spring-data-commons-1.5.0.RELEASE.jar
2017-02-14 15:47:55,827 [Worker-95] INFO  o.e.m.c.i.e.AbstractTransferListenerAdapter - Downloading https://repo.maven.apache.org/maven2/org/aspectj/aspectjrt/1.7.1/aspectjrt-1.7.1.jar
2017-02-14 15:47:57,892 [Worker-95] INFO  o.e.m.c.i.e.AbstractTransferListenerAdapter - Downloaded https://repo.maven.apache.org/maven2/org/aspectj/aspectjrt/1.7.1/aspectjrt-1.7.1.jar
2017-02-14 15:47:58,041 [Worker-95] INFO  o.e.m.c.i.e.AbstractTransferListenerAdapter - Downloading https://repo.maven.apache.org/maven2/org/slf4j/jcl-over-slf4j/1.7.1/jcl-over-slf4j-1.7.1.jar
2017-02-14 15:47:58,437 [Worker-95] INFO  o.e.m.c.i.e.AbstractTransferListenerAdapter - Downloaded https://repo.maven.apache.org/maven2/org/slf4j/jcl-over-slf4j/1.7.1/jcl-over-slf4j-1.7.1.jar
2017-02-14 15:48:02,222 [Worker-95] WARN  o.e.m.c.i.embedder.EclipseLogger - Using platform encoding (UTF-8 actually) to copy filtered resources, i.e. build is platform dependent!
2017-02-14 15:48:02,224 [Worker-95] INFO  o.e.m.c.i.embedder.EclipseLogger - Copying 0 resource
2017-02-14 15:48:02,226 [Worker-95] WARN  o.e.m.c.i.embedder.EclipseLogger - Using platform encoding (UTF-8 actually) to copy filtered resources, i.e. build is platform dependent!
2017-02-14 15:48:02,226 [Worker-95] INFO  o.e.m.c.i.embedder.EclipseLogger - skip non existing resourceDirectory /home/bridgeit/Desktop/Uma_Spring/bridgeit/src/test/resources
2017-02-14 15:48:02,230 [Worker-95] INFO  o.e.m.w.i.f.ResourceFilteringBuildParticipant - Changed resources require a complete clean of filtered resources of bridgeit
2017-02-14 15:48:02,230 [Worker-95] INFO  o.e.m.w.i.f.ResourceFilteringBuildParticipant - Executing resource filtering for bridgeit
2017-02-14 15:48:02,234 [Worker-95] WARN  o.e.m.c.i.embedder.EclipseLogger - Using platform encoding (UTF-8 actually) to copy filtered resources, i.e. build is platform dependent!
2017-02-14 15:51:41,178 [Worker-0] WARN  o.e.m.c.i.embedder.EclipseLogger - Using platform encoding (UTF-8 actually) to copy filtered resources, i.e. build is platform dependent!
2017-02-14 15:51:41,219 [Worker-0] INFO  o.e.m.c.i.embedder.EclipseLogger - Copying 0 resource
2017-02-14 15:51:41,222 [Worker-0] WARN  o.e.m.c.i.embedder.EclipseLogger - Using platform encoding (UTF-8 actually) to copy filtered resources, i.e. build is platform dependent!
2017-02-14 15:51:41,223 [Worker-0] INFO  o.e.m.c.i.embedder.EclipseLogger - skip non existing resourceDirectory /home/bridgeit/Desktop/Uma_Spring/bridgeit/src/test/resources
